[2020-02-28T21:40:41.961] [DEBUG] cheese - login => username:ss,password:123456
[2020-02-28T21:40:41.975] [DEBUG] cheese - ss
[2020-02-28T21:40:42.171] [DEBUG] cheese - null
[2020-02-28T21:40:42.171] [DEBUG] cheese - null
[2020-02-28T21:41:16.973] [DEBUG] cheese - login => username:admin,password:123456
[2020-02-28T21:41:16.974] [DEBUG] cheese - admin
[2020-02-28T21:41:16.984] [DEBUG] cheese - null
[2020-02-28T21:41:16.984] [DEBUG] cheese - null
[2020-02-29T15:40:47.787] [DEBUG] cheese - login => username:lyy,password:123123123213
[2020-02-29T15:40:47.793] [DEBUG] cheese - lyy
[2020-02-29T15:40:48.178] [DEBUG] cheese - null
[2020-02-29T15:40:48.178] [DEBUG] cheese - null
[2020-02-29T15:58:41.967] [DEBUG] cheese - login => username:lyy,password:123213123
[2020-02-29T15:58:41.967] [DEBUG] cheese - lyy
[2020-02-29T15:58:41.972] [DEBUG] cheese - null
[2020-02-29T15:58:41.972] [DEBUG] cheese - null
[2020-02-29T15:58:50.141] [DEBUG] cheese - login => username:admin,password:123456
[2020-02-29T15:58:50.141] [DEBUG] cheese - admin
[2020-02-29T15:58:50.184] [DEBUG] cheese - null
[2020-02-29T15:58:50.185] [DEBUG] cheese - null
[2020-02-29T16:07:25.087] [DEBUG] cheese - login => username:admin,password:123456
[2020-02-29T16:07:25.087] [DEBUG] cheese - admin
[2020-02-29T16:07:25.108] [DEBUG] cheese - null
[2020-02-29T16:07:25.108] [DEBUG] cheese - null
[2020-02-29T16:23:30.056] [DEBUG] cheese - login => username:admin,password:123456
[2020-02-29T16:23:30.056] [DEBUG] cheese - admin
[2020-02-29T16:23:30.062] [DEBUG] cheese - null
[2020-02-29T16:23:30.063] [DEBUG] cheese - null
[2020-02-29T16:57:25.092] [DEBUG] cheese - login => username:admin,password:123456
[2020-02-29T16:57:25.092] [DEBUG] cheese - admin
[2020-02-29T16:57:25.113] [DEBUG] cheese - null
[2020-02-29T16:57:25.113] [DEBUG] cheese - null
[2020-02-29T16:59:02.329] [DEBUG] cheese - login => username:admin,password:123456
[2020-02-29T16:59:02.329] [DEBUG] cheese - admin
[2020-02-29T16:59:02.339] [DEBUG] cheese - null
[2020-02-29T16:59:02.339] [DEBUG] cheese - null
[2020-02-29T17:19:05.452] [DEBUG] cheese - login => username:admin,password:123456
[2020-02-29T17:19:05.452] [DEBUG] cheese - admin
[2020-02-29T17:19:05.477] [DEBUG] cheese - null
[2020-02-29T17:19:05.478] [DEBUG] cheese - null
[2020-02-29T23:00:41.224] [DEBUG] cheese - login => username:admin,password:123456
[2020-02-29T23:00:41.360] [DEBUG] cheese - admin
[2020-02-29T23:00:41.547] [DEBUG] cheese - null
[2020-02-29T23:00:41.548] [DEBUG] cheese - null
[2020-03-01T16:51:40.022] [DEBUG] cheese - login => username:admin,password:123456
[2020-03-01T16:51:40.024] [DEBUG] cheese - admin
[2020-03-01T16:51:40.143] [DEBUG] cheese - null
[2020-03-01T16:51:40.144] [DEBUG] cheese - null
[2020-03-01T17:02:29.014] [DEBUG] cheese - login => username:admin,password:123456
[2020-03-01T17:02:29.015] [DEBUG] cheese - admin
[2020-03-01T17:02:29.020] [DEBUG] cheese - null
[2020-03-01T17:02:29.020] [DEBUG] cheese - null
[2020-03-01T17:14:05.277] [DEBUG] cheese - login => username:admin,password:123456
[2020-03-01T17:14:05.277] [DEBUG] cheese - admin
[2020-03-01T17:14:05.282] [DEBUG] cheese - null
[2020-03-01T17:14:05.282] [DEBUG] cheese - null
[2020-03-02T17:32:20.670] [DEBUG] cheese - login => username:admin,password:123456
[2020-03-02T17:32:20.683] [DEBUG] cheese - admin
[2020-03-02T17:32:20.714] [DEBUG] cheese - null
[2020-03-02T17:32:20.715] [DEBUG] cheese - null
